<?xml version="1.0" encoding="UTF-8"?>
<!-- Generated by org.testng.reporters.JUnitReportReporter -->
<testsuite name="com.hrm.scripts.VerifyLoginLogout" tests="2" time="0.043" ignored="0" failures="0" timestamp="14 Feb 2017 04:18:01 GMT" skipped="1" hostname="kruthi-PC" errors="1">
  <testcase name="initApplication" time="0.000" classname="com.hrm.scripts.VerifyLoginLogout">
    <error type="org.openqa.selenium.WebDriverException" message="Failed to connect to binary FirefoxBinary(C:\Program Files\Mozilla Firefox\firefox.exe) on port 7055; process output follows: 
cription&quot;:&quot;Enables Firefox synchronisation support.&quot;,&quot;creator&quot;:null,&quot;homepageURL&quot;:null},{&quot;locales&quot;:[&quot;th&quot;],&quot;name&quot;:&quot;Firefox Synchronisation Extension&quot;,&quot;description&quot;:&quot;Enables Firefox synchronisation support.&quot;,&quot;creator&quot;:null,&quot;homepageURL&quot;:null},{&quot;locales&quot;:[&quot;tr&quot;],&quot;name&quot;:&quot;Firefox Synchronisation Extension&quot;,&quot;description&quot;:&quot;Enables Firefox synchronisation support.&quot;,&quot;creator&quot;:null,&quot;homepageURL&quot;:null},{&quot;locales&quot;:[&quot;vi&quot;],&quot;name&quot;:&quot;Firefox Synchronisation Extension&quot;,&quot;description&quot;:&quot;Enables Firefox synchronisation support.&quot;,&quot;creator&quot;:null,&quot;homepageURL&quot;:null}],&quot;targetApplications&quot;:[{&quot;id&quot;:&quot;{ec8030f7-c20a-464f-9b0e-13a3a9e97384}&quot;,&quot;minVersion&quot;:&quot;3.6&quot;,&quot;maxVersion&quot;:&quot;3.6.*&quot;}],&quot;targetPlatforms&quot;:[{&quot;os&quot;:&quot;WINNT&quot;,&quot;abi&quot;:&quot;x86-msvc&quot;}],&quot;multiprocessCompatible&quot;:false,&quot;signedState&quot;:0,&quot;seen&quot;:true}
1487045843329	DeferredSave.extensions.json	DEBUG	Save changes
1487045843330	addons.xpi	DEBUG	Updating database with changes to installed add-ons
1487045843330	addons.xpi-utils	DEBUG	Updating add-on states
1487045843333	addons.xpi-utils	DEBUG	Writing add-ons list
1487045843343	addons.xpi	DEBUG	Registering manifest for C:\Program Files\Mozilla Firefox\browser\features\e10srollout@mozilla.org.xpi
1487045843345	addons.xpi	DEBUG	Calling bootstrap method startup on e10srollout@mozilla.org version 1.0
1487045843345	addons.xpi	DEBUG	Registering manifest for C:\Program Files\Mozilla Firefox\browser\features\firefox@getpocket.com.xpi
1487045843347	addons.xpi	DEBUG	Calling bootstrap method startup on firefox@getpocket.com version 1.0.2
1487045843349	addons.xpi	DEBUG	Registering manifest for C:\Program Files\Mozilla Firefox\browser\features\loop@mozilla.org.xpi
1487045843352	addons.xpi	DEBUG	Calling bootstrap method startup on loop@mozilla.org version 1.3.2
1487045843515	addons.xpi	DEBUG	Registering manifest for C:\Program Files\Mozilla Firefox\browser\features\websensehelper@mozilla.org.xpi
1487045843517	addons.xpi	DEBUG	Calling bootstrap method startup on websensehelper@mozilla.org version 1.0
1487045843542	addons.manager	DEBUG	Registering shutdown blocker for XPIProvider
1487045843543	addons.manager	DEBUG	Provider finished startup: XPIProvider
1487045843543	addons.manager	DEBUG	Starting provider: LightweightThemeManager
1487045843543	addons.manager	DEBUG	Registering shutdown blocker for LightweightThemeManager
1487045843544	addons.manager	DEBUG	Provider finished startup: LightweightThemeManager
1487045843545	addons.manager	DEBUG	Starting provider: GMPProvider
1487045843583	addons.manager	DEBUG	Registering shutdown blocker for GMPProvider
1487045843584	addons.manager	DEBUG	Provider finished startup: GMPProvider
1487045843584	addons.manager	DEBUG	Starting provider: PluginProvider
1487045843584	addons.manager	DEBUG	Registering shutdown blocker for PluginProvider
1487045843585	addons.manager	DEBUG	Provider finished startup: PluginProvider
1487045843586	addons.manager	DEBUG	Completed startup sequence
1487045848993	addons.manager	DEBUG	Starting provider: &lt;unnamed-provider&gt;
1487045848993	addons.manager	DEBUG	Registering shutdown blocker for &lt;unnamed-provider&gt;
1487045848994	addons.manager	DEBUG	Provider finished startup: &lt;unnamed-provider&gt;
1487045851943	DeferredSave.extensions.json	DEBUG	Write succeeded
1487045851944	addons.xpi-utils	DEBUG	XPI Database saved, setting schema version preference to 17
1487045851944	DeferredSave.extensions.json	DEBUG	Starting timer
1487045852114	DeferredSave.extensions.json	DEBUG	Starting write
1487045856428	addons.repository	DEBUG	No addons.json found.
1487045856430	DeferredSave.addons.json	DEBUG	Save changes
1487045856458	DeferredSave.addons.json	DEBUG	Starting timer
1487045857791	addons.manager	DEBUG	Starting provider: PreviousExperimentProvider
1487045857791	addons.manager	DEBUG	Registering shutdown blocker for PreviousExperimentProvider
1487045857792	addons.manager	DEBUG	Provider finished startup: PreviousExperimentProvider
1487045858862	DeferredSave.addons.json	DEBUG	Starting write
1487045858945	DeferredSave.extensions.json	DEBUG	Write succeeded
1487045860192	DeferredSave.addons.json	DEBUG	Write succeeded

Build info: version: &#039;2.53.0&#039;, revision: &#039;35ae25b&#039;, time: &#039;2016-03-15 17:00:58&#039;
System info: host: &#039;kruthi-PC&#039;, ip: &#039;192.168.56.1&#039;, os.name: &#039;Windows 7&#039;, os.arch: &#039;x86&#039;, os.version: &#039;6.1&#039;, java.version: &#039;1.8.0_121&#039;
Driver info: driver.version: FirefoxDriver">
      <![CDATA[org.openqa.selenium.WebDriverException: Failed to connect to binary FirefoxBinary(C:\Program Files\Mozilla Firefox\firefox.exe) on port 7055; process output follows: 
cription":"Enables Firefox synchronisation support.","creator":null,"homepageURL":null},{"locales":["th"],"name":"Firefox Synchronisation Extension","description":"Enables Firefox synchronisation support.","creator":null,"homepageURL":null},{"locales":["tr"],"name":"Firefox Synchronisation Extension","description":"Enables Firefox synchronisation support.","creator":null,"homepageURL":null},{"locales":["vi"],"name":"Firefox Synchronisation Extension","description":"Enables Firefox synchronisation support.","creator":null,"homepageURL":null}],"targetApplications":[{"id":"{ec8030f7-c20a-464f-9b0e-13a3a9e97384}","minVersion":"3.6","maxVersion":"3.6.*"}],"targetPlatforms":[{"os":"WINNT","abi":"x86-msvc"}],"multiprocessCompatible":false,"signedState":0,"seen":true}
1487045843329	DeferredSave.extensions.json	DEBUG	Save changes
1487045843330	addons.xpi	DEBUG	Updating database with changes to installed add-ons
1487045843330	addons.xpi-utils	DEBUG	Updating add-on states
1487045843333	addons.xpi-utils	DEBUG	Writing add-ons list
1487045843343	addons.xpi	DEBUG	Registering manifest for C:\Program Files\Mozilla Firefox\browser\features\e10srollout@mozilla.org.xpi
1487045843345	addons.xpi	DEBUG	Calling bootstrap method startup on e10srollout@mozilla.org version 1.0
1487045843345	addons.xpi	DEBUG	Registering manifest for C:\Program Files\Mozilla Firefox\browser\features\firefox@getpocket.com.xpi
1487045843347	addons.xpi	DEBUG	Calling bootstrap method startup on firefox@getpocket.com version 1.0.2
1487045843349	addons.xpi	DEBUG	Registering manifest for C:\Program Files\Mozilla Firefox\browser\features\loop@mozilla.org.xpi
1487045843352	addons.xpi	DEBUG	Calling bootstrap method startup on loop@mozilla.org version 1.3.2
1487045843515	addons.xpi	DEBUG	Registering manifest for C:\Program Files\Mozilla Firefox\browser\features\websensehelper@mozilla.org.xpi
1487045843517	addons.xpi	DEBUG	Calling bootstrap method startup on websensehelper@mozilla.org version 1.0
1487045843542	addons.manager	DEBUG	Registering shutdown blocker for XPIProvider
1487045843543	addons.manager	DEBUG	Provider finished startup: XPIProvider
1487045843543	addons.manager	DEBUG	Starting provider: LightweightThemeManager
1487045843543	addons.manager	DEBUG	Registering shutdown blocker for LightweightThemeManager
1487045843544	addons.manager	DEBUG	Provider finished startup: LightweightThemeManager
1487045843545	addons.manager	DEBUG	Starting provider: GMPProvider
1487045843583	addons.manager	DEBUG	Registering shutdown blocker for GMPProvider
1487045843584	addons.manager	DEBUG	Provider finished startup: GMPProvider
1487045843584	addons.manager	DEBUG	Starting provider: PluginProvider
1487045843584	addons.manager	DEBUG	Registering shutdown blocker for PluginProvider
1487045843585	addons.manager	DEBUG	Provider finished startup: PluginProvider
1487045843586	addons.manager	DEBUG	Completed startup sequence
1487045848993	addons.manager	DEBUG	Starting provider: <unnamed-provider>
1487045848993	addons.manager	DEBUG	Registering shutdown blocker for <unnamed-provider>
1487045848994	addons.manager	DEBUG	Provider finished startup: <unnamed-provider>
1487045851943	DeferredSave.extensions.json	DEBUG	Write succeeded
1487045851944	addons.xpi-utils	DEBUG	XPI Database saved, setting schema version preference to 17
1487045851944	DeferredSave.extensions.json	DEBUG	Starting timer
1487045852114	DeferredSave.extensions.json	DEBUG	Starting write
1487045856428	addons.repository	DEBUG	No addons.json found.
1487045856430	DeferredSave.addons.json	DEBUG	Save changes
1487045856458	DeferredSave.addons.json	DEBUG	Starting timer
1487045857791	addons.manager	DEBUG	Starting provider: PreviousExperimentProvider
1487045857791	addons.manager	DEBUG	Registering shutdown blocker for PreviousExperimentProvider
1487045857792	addons.manager	DEBUG	Provider finished startup: PreviousExperimentProvider
1487045858862	DeferredSave.addons.json	DEBUG	Starting write
1487045858945	DeferredSave.extensions.json	DEBUG	Write succeeded
1487045860192	DeferredSave.addons.json	DEBUG	Write succeeded

Build info: version: '2.53.0', revision: '35ae25b', time: '2016-03-15 17:00:58'
System info: host: 'kruthi-PC', ip: '192.168.56.1', os.name: 'Windows 7', os.arch: 'x86', os.version: '6.1', java.version: '1.8.0_121'
Driver info: driver.version: FirefoxDriver
	at org.openqa.selenium.firefox.internal.NewProfileExtensionConnection.start(NewProfileExtensionConnection.java:124)
	at org.openqa.selenium.firefox.FirefoxDriver.startClient(FirefoxDriver.java:271)
	at org.openqa.selenium.remote.RemoteWebDriver.<init>(RemoteWebDriver.java:119)
	at org.openqa.selenium.firefox.FirefoxDriver.<init>(FirefoxDriver.java:218)
	at org.openqa.selenium.firefox.FirefoxDriver.<init>(FirefoxDriver.java:211)
	at org.openqa.selenium.firefox.FirefoxDriver.<init>(FirefoxDriver.java:207)
	at org.openqa.selenium.firefox.FirefoxDriver.<init>(FirefoxDriver.java:120)
	at com.hrm.base.BaseTest.initApplication(BaseTest.java:86)
	at sun.reflect.NativeMethodAccessorImpl.invoke0(Native Method)
	at sun.reflect.NativeMethodAccessorImpl.invoke(Unknown Source)
	at sun.reflect.DelegatingMethodAccessorImpl.invoke(Unknown Source)
	at java.lang.reflect.Method.invoke(Unknown Source)
	at org.testng.internal.MethodInvocationHelper.invokeMethod(MethodInvocationHelper.java:104)
	at org.testng.internal.Invoker.invokeConfigurationMethod(Invoker.java:515)
	at org.testng.internal.Invoker.invokeConfigurations(Invoker.java:217)
	at org.testng.internal.Invoker.invokeConfigurations(Invoker.java:144)
	at org.testng.internal.TestMethodWorker.invokeBeforeClassMethods(TestMethodWorker.java:169)
	at org.testng.internal.TestMethodWorker.run(TestMethodWorker.java:108)
	at org.testng.TestRunner.privateRun(TestRunner.java:756)
	at org.testng.TestRunner.run(TestRunner.java:610)
	at org.testng.SuiteRunner.runTest(SuiteRunner.java:387)
	at org.testng.SuiteRunner.runSequentially(SuiteRunner.java:382)
	at org.testng.SuiteRunner.privateRun(SuiteRunner.java:340)
	at org.testng.SuiteRunner.run(SuiteRunner.java:289)
	at org.testng.SuiteRunnerWorker.runSuite(SuiteRunnerWorker.java:52)
	at org.testng.SuiteRunnerWorker.run(SuiteRunnerWorker.java:86)
	at org.testng.TestNG.runSuitesSequentially(TestNG.java:1293)
	at org.testng.TestNG.runSuitesLocally(TestNG.java:1218)
	at org.testng.TestNG.runSuites(TestNG.java:1133)
	at org.testng.TestNG.run(TestNG.java:1104)
	at org.testng.remote.AbstractRemoteTestNG.run(AbstractRemoteTestNG.java:132)
	at org.testng.remote.RemoteTestNG.initAndRun(RemoteTestNG.java:236)
	at org.testng.remote.RemoteTestNG.main(RemoteTestNG.java:81)
Caused by: org.openqa.selenium.firefox.NotConnectedException: Unable to connect to host 127.0.0.1 on port 7055 after 45000 ms. Firefox console output:
cription":"Enables Firefox synchronisation support.","creator":null,"homepageURL":null},{"locales":["th"],"name":"Firefox Synchronisation Extension","description":"Enables Firefox synchronisation support.","creator":null,"homepageURL":null},{"locales":["tr"],"name":"Firefox Synchronisation Extension","description":"Enables Firefox synchronisation support.","creator":null,"homepageURL":null},{"locales":["vi"],"name":"Firefox Synchronisation Extension","description":"Enables Firefox synchronisation support.","creator":null,"homepageURL":null}],"targetApplications":[{"id":"{ec8030f7-c20a-464f-9b0e-13a3a9e97384}","minVersion":"3.6","maxVersion":"3.6.*"}],"targetPlatforms":[{"os":"WINNT","abi":"x86-msvc"}],"multiprocessCompatible":false,"signedState":0,"seen":true}
1487045843329	DeferredSave.extensions.json	DEBUG	Save changes
1487045843330	addons.xpi	DEBUG	Updating database with changes to installed add-ons
1487045843330	addons.xpi-utils	DEBUG	Updating add-on states
1487045843333	addons.xpi-utils	DEBUG	Writing add-ons list
1487045843343	addons.xpi	DEBUG	Registering manifest for C:\Program Files\Mozilla Firefox\browser\features\e10srollout@mozilla.org.xpi
1487045843345	addons.xpi	DEBUG	Calling bootstrap method startup on e10srollout@mozilla.org version 1.0
1487045843345	addons.xpi	DEBUG	Registering manifest for C:\Program Files\Mozilla Firefox\browser\features\firefox@getpocket.com.xpi
1487045843347	addons.xpi	DEBUG	Calling bootstrap method startup on firefox@getpocket.com version 1.0.2
1487045843349	addons.xpi	DEBUG	Registering manifest for C:\Program Files\Mozilla Firefox\browser\features\loop@mozilla.org.xpi
1487045843352	addons.xpi	DEBUG	Calling bootstrap method startup on loop@mozilla.org version 1.3.2
1487045843515	addons.xpi	DEBUG	Registering manifest for C:\Program Files\Mozilla Firefox\browser\features\websensehelper@mozilla.org.xpi
1487045843517	addons.xpi	DEBUG	Calling bootstrap method startup on websensehelper@mozilla.org version 1.0
1487045843542	addons.manager	DEBUG	Registering shutdown blocker for XPIProvider
1487045843543	addons.manager	DEBUG	Provider finished startup: XPIProvider
1487045843543	addons.manager	DEBUG	Starting provider: LightweightThemeManager
1487045843543	addons.manager	DEBUG	Registering shutdown blocker for LightweightThemeManager
1487045843544	addons.manager	DEBUG	Provider finished startup: LightweightThemeManager
1487045843545	addons.manager	DEBUG	Starting provider: GMPProvider
1487045843583	addons.manager	DEBUG	Registering shutdown blocker for GMPProvider
1487045843584	addons.manager	DEBUG	Provider finished startup: GMPProvider
1487045843584	addons.manager	DEBUG	Starting provider: PluginProvider
1487045843584	addons.manager	DEBUG	Registering shutdown blocker for PluginProvider
1487045843585	addons.manager	DEBUG	Provider finished startup: PluginProvider
1487045843586	addons.manager	DEBUG	Completed startup sequence
1487045848993	addons.manager	DEBUG	Starting provider: <unnamed-provider>
1487045848993	addons.manager	DEBUG	Registering shutdown blocker for <unnamed-provider>
1487045848994	addons.manager	DEBUG	Provider finished startup: <unnamed-provider>
1487045851943	DeferredSave.extensions.json	DEBUG	Write succeeded
1487045851944	addons.xpi-utils	DEBUG	XPI Database saved, setting schema version preference to 17
1487045851944	DeferredSave.extensions.json	DEBUG	Starting timer
1487045852114	DeferredSave.extensions.json	DEBUG	Starting write
1487045856428	addons.repository	DEBUG	No addons.json found.
1487045856430	DeferredSave.addons.json	DEBUG	Save changes
1487045856458	DeferredSave.addons.json	DEBUG	Starting timer
1487045857791	addons.manager	DEBUG	Starting provider: PreviousExperimentProvider
1487045857791	addons.manager	DEBUG	Registering shutdown blocker for PreviousExperimentProvider
1487045857792	addons.manager	DEBUG	Provider finished startup: PreviousExperimentProvider
1487045858862	DeferredSave.addons.json	DEBUG	Starting write
1487045858945	DeferredSave.extensions.json	DEBUG	Write succeeded
1487045860192	DeferredSave.addons.json	DEBUG	Write succeeded

	at org.openqa.selenium.firefox.internal.NewProfileExtensionConnection.start(NewProfileExtensionConnection.java:112)
	... 32 more
]]>
    </error>
  </testcase> <!-- initApplication -->
  <testcase name="testLoginLogout" time="0.043" classname="com.hrm.scripts.VerifyLoginLogout">
    <skipped/>
  </testcase> <!-- testLoginLogout -->
</testsuite> <!-- com.hrm.scripts.VerifyLoginLogout -->
