<?xml version="1.0" encoding="UTF-8"?>
<!-- Generated by org.testng.reporters.JUnitReportReporter -->
<testsuite name="com.hrm.scripts.DeleteEmployee" tests="1" time="11.812" ignored="3" failures="0" timestamp="03 Mar 2017 10:09:43 GMT" skipped="0" hostname="kruthi-PC" errors="0">
  <testcase name="testDeleteEmployee" time="11.812" classname="com.hrm.scripts.DeleteEmployee"/>
  <testcase name="initReport" classname="com.hrm.base.BaseTest">
    <skipped/>
  </testcase> <!-- initReport -->
  <testcase name="publishReport" classname="com.hrm.base.BaseTest">
    <skipped/>
  </testcase> <!-- publishReport -->
  <testcase name="initGlobalVar" classname="com.hrm.base.BaseTest">
    <skipped/>
  </testcase> <!-- initGlobalVar -->
</testsuite> <!-- com.hrm.scripts.DeleteEmployee -->
